<?xml version="1.0" encoding="UTF-8"?>
<!-- Generated by org.testng.reporters.JUnitXMLReporter -->
<testsuite ignored="0" hostname="CPDK346" failures="0" tests="5" name="Default test" time="30.973" errors="0" timestamp="2025-02-05T17:42:43 IST">
  <testcase classname="com.Samsung.main.SeleniumTest" name="NavigateToDownloads" time="4.016"/>
  <testcase classname="com.Samsung.main.SeleniumTest" name="ClickOnBrowsers" time="1.026"/>
  <testcase classname="com.Samsung.main.SeleniumTest" name="CheckforFirefoxLogos" time="1.054"/>
  <testcase classname="com.Samsung.main.SeleniumTest" name="CheckforChromeLogos" time="1.057"/>
  <testcase classname="com.Samsung.main.SeleniumTest" name="CheckforEdgeLogos" time="1.06"/>
</testsuite> <!-- Default test -->
