<?xml version="1.0" encoding="UTF-8"?>
<testng-results ignored="0" total="5" passed="5" failed="0" skipped="0">
  <reporter-output>
  </reporter-output>
  <suite started-at="2025-02-05T17:42:12 IST" name="Default suite" finished-at="2025-02-05T17:42:43 IST" duration-ms="30973">
    <groups>
    </groups>
    <test started-at="2025-02-05T17:42:12 IST" name="Default test" finished-at="2025-02-05T17:42:43 IST" duration-ms="30973">
      <class name="com.Samsung.main.SeleniumTest">
        <test-method is-config="true" signature="LaunchBrowser()[pri:0, instance:com.Samsung.main.SeleniumTest@72d1ad2e]" started-at="2025-02-05T17:42:12 IST" name="LaunchBrowser" finished-at="2025-02-05T17:42:29 IST" duration-ms="16552" status="PASS">
          <reporter-output>
          </reporter-output>
        </test-method> <!-- LaunchBrowser -->
        <test-method signature="NavigateToDownloads()[pri:1, instance:com.Samsung.main.SeleniumTest@72d1ad2e]" started-at="2025-02-05T17:42:29 IST" name="NavigateToDownloads" finished-at="2025-02-05T17:42:33 IST" duration-ms="4016" status="PASS">
          <reporter-output>
          </reporter-output>
        </test-method> <!-- NavigateToDownloads -->
        <test-method signature="ClickOnBrowsers()[pri:2, instance:com.Samsung.main.SeleniumTest@72d1ad2e]" started-at="2025-02-05T17:42:33 IST" name="ClickOnBrowsers" finished-at="2025-02-05T17:42:34 IST" duration-ms="1026" status="PASS">
          <reporter-output>
          </reporter-output>
        </test-method> <!-- ClickOnBrowsers -->
        <test-method signature="CheckforFirefoxLogos()[pri:3, instance:com.Samsung.main.SeleniumTest@72d1ad2e]" started-at="2025-02-05T17:42:34 IST" name="CheckforFirefoxLogos" finished-at="2025-02-05T17:42:35 IST" duration-ms="1054" status="PASS">
          <reporter-output>
          </reporter-output>
        </test-method> <!-- CheckforFirefoxLogos -->
        <test-method signature="CheckforChromeLogos()[pri:4, instance:com.Samsung.main.SeleniumTest@72d1ad2e]" started-at="2025-02-05T17:42:35 IST" name="CheckforChromeLogos" finished-at="2025-02-05T17:42:36 IST" duration-ms="1057" status="PASS">
          <reporter-output>
          </reporter-output>
        </test-method> <!-- CheckforChromeLogos -->
        <test-method signature="CheckforEdgeLogos()[pri:5, instance:com.Samsung.main.SeleniumTest@72d1ad2e]" started-at="2025-02-05T17:42:36 IST" name="CheckforEdgeLogos" finished-at="2025-02-05T17:42:37 IST" duration-ms="1060" status="PASS">
          <reporter-output>
          </reporter-output>
        </test-method> <!-- CheckforEdgeLogos -->
        <test-method is-config="true" signature="CloseBrowser()[pri:0, instance:com.Samsung.main.SeleniumTest@72d1ad2e]" started-at="2025-02-05T17:42:37 IST" name="CloseBrowser" finished-at="2025-02-05T17:42:43 IST" duration-ms="6148" status="PASS">
          <reporter-output>
          </reporter-output>
        </test-method> <!-- CloseBrowser -->
      </class> <!-- com.Samsung.main.SeleniumTest -->
    </test> <!-- Default test -->
  </suite> <!-- Default suite -->
</testng-results>
